[0.664s] Invoking command in '/home/kimhotvedt/kand_ws/src/opencv_tools': PYTHONPATH=/home/kimhotvedt/kand_ws/build/opencv_tools/prefix_override:/home/kimhotvedt/kand_ws/install/opencv_tools/lib/python3.10/site-packages:${PYTHONPATH} /usr/bin/python3 -W ignore:setup.py install is deprecated setup.py egg_info --egg-base ../../build/opencv_tools build --build-base /home/kimhotvedt/kand_ws/build/opencv_tools/build install --record /home/kimhotvedt/kand_ws/build/opencv_tools/install.log --single-version-externally-managed install_data
[0.962s] running egg_info
[0.962s] creating ../../build/opencv_tools/opencv_tools.egg-info
[0.962s] writing ../../build/opencv_tools/opencv_tools.egg-info/PKG-INFO
[0.963s] writing dependency_links to ../../build/opencv_tools/opencv_tools.egg-info/dependency_links.txt
[0.963s] writing entry points to ../../build/opencv_tools/opencv_tools.egg-info/entry_points.txt
[0.963s] writing requirements to ../../build/opencv_tools/opencv_tools.egg-info/requires.txt
[0.963s] writing top-level names to ../../build/opencv_tools/opencv_tools.egg-info/top_level.txt
[0.963s] writing manifest file '../../build/opencv_tools/opencv_tools.egg-info/SOURCES.txt'
[0.964s] reading manifest file '../../build/opencv_tools/opencv_tools.egg-info/SOURCES.txt'
[0.965s] writing manifest file '../../build/opencv_tools/opencv_tools.egg-info/SOURCES.txt'
[0.965s] running build
[0.965s] running build_py
[0.965s] creating /home/kimhotvedt/kand_ws/build/opencv_tools/build
[0.966s] creating /home/kimhotvedt/kand_ws/build/opencv_tools/build/lib
[0.966s] creating /home/kimhotvedt/kand_ws/build/opencv_tools/build/lib/opencv_tools
[0.966s] copying opencv_tools/__init__.py -> /home/kimhotvedt/kand_ws/build/opencv_tools/build/lib/opencv_tools
[0.966s] running install
[0.966s] running install_lib
[0.967s] creating /home/kimhotvedt/kand_ws/install/opencv_tools/lib/python3.10/site-packages/opencv_tools
[0.967s] copying /home/kimhotvedt/kand_ws/build/opencv_tools/build/lib/opencv_tools/__init__.py -> /home/kimhotvedt/kand_ws/install/opencv_tools/lib/python3.10/site-packages/opencv_tools
[0.968s] byte-compiling /home/kimhotvedt/kand_ws/install/opencv_tools/lib/python3.10/site-packages/opencv_tools/__init__.py to __init__.cpython-310.pyc
[0.968s] running install_data
[0.968s] creating /home/kimhotvedt/kand_ws/install/opencv_tools/share/ament_index
[0.968s] creating /home/kimhotvedt/kand_ws/install/opencv_tools/share/ament_index/resource_index
[0.968s] creating /home/kimhotvedt/kand_ws/install/opencv_tools/share/ament_index/resource_index/packages
[0.968s] copying resource/opencv_tools -> /home/kimhotvedt/kand_ws/install/opencv_tools/share/ament_index/resource_index/packages
[0.969s] copying package.xml -> /home/kimhotvedt/kand_ws/install/opencv_tools/share/opencv_tools
[0.969s] running install_egg_info
[0.970s] Copying ../../build/opencv_tools/opencv_tools.egg-info to /home/kimhotvedt/kand_ws/install/opencv_tools/lib/python3.10/site-packages/opencv_tools-0.0.0-py3.10.egg-info
[0.971s] running install_scripts
[0.992s] writing list of installed files to '/home/kimhotvedt/kand_ws/build/opencv_tools/install.log'
[1.016s] Invoked command in '/home/kimhotvedt/kand_ws/src/opencv_tools' returned '0': PYTHONPATH=/home/kimhotvedt/kand_ws/build/opencv_tools/prefix_override:/home/kimhotvedt/kand_ws/install/opencv_tools/lib/python3.10/site-packages:${PYTHONPATH} /usr/bin/python3 -W ignore:setup.py install is deprecated setup.py egg_info --egg-base ../../build/opencv_tools build --build-base /home/kimhotvedt/kand_ws/build/opencv_tools/build install --record /home/kimhotvedt/kand_ws/build/opencv_tools/install.log --single-version-externally-managed install_data
