[1.378s] Invoking command in '/home/kimhotvedt/kand_ws/src/opencv_tools': PYTHONPATH=/home/kimhotvedt/kand_ws/build/opencv_tools/prefix_override:/home/kimhotvedt/kand_ws/install/opencv_tools/lib/python3.10/site-packages:${PYTHONPATH} /usr/bin/python3 -W ignore:setup.py install is deprecated setup.py egg_info --egg-base ../../build/opencv_tools build --build-base /home/kimhotvedt/kand_ws/build/opencv_tools/build install --record /home/kimhotvedt/kand_ws/build/opencv_tools/install.log --single-version-externally-managed install_data
[1.881s] running egg_info
[1.882s] writing ../../build/opencv_tools/opencv_tools.egg-info/PKG-INFO
[1.883s] writing dependency_links to ../../build/opencv_tools/opencv_tools.egg-info/dependency_links.txt
[1.884s] writing entry points to ../../build/opencv_tools/opencv_tools.egg-info/entry_points.txt
[1.884s] writing requirements to ../../build/opencv_tools/opencv_tools.egg-info/requires.txt
[1.885s] writing top-level names to ../../build/opencv_tools/opencv_tools.egg-info/top_level.txt
[1.889s] reading manifest file '../../build/opencv_tools/opencv_tools.egg-info/SOURCES.txt'
[1.890s] writing manifest file '../../build/opencv_tools/opencv_tools.egg-info/SOURCES.txt'
[1.890s] running build
[1.890s] running build_py
[1.891s] copying opencv_tools/basic_image_publisher.py -> /home/kimhotvedt/kand_ws/build/opencv_tools/build/lib/opencv_tools
[1.892s] running install
[1.892s] running install_lib
[1.894s] copying /home/kimhotvedt/kand_ws/build/opencv_tools/build/lib/opencv_tools/basic_image_publisher.py -> /home/kimhotvedt/kand_ws/install/opencv_tools/lib/python3.10/site-packages/opencv_tools
[1.896s] byte-compiling /home/kimhotvedt/kand_ws/install/opencv_tools/lib/python3.10/site-packages/opencv_tools/basic_image_publisher.py to basic_image_publisher.cpython-310.pyc
[1.897s] running install_data
[1.898s] running install_egg_info
[1.902s] removing '/home/kimhotvedt/kand_ws/install/opencv_tools/lib/python3.10/site-packages/opencv_tools-0.0.0-py3.10.egg-info' (and everything under it)
[1.903s] Copying ../../build/opencv_tools/opencv_tools.egg-info to /home/kimhotvedt/kand_ws/install/opencv_tools/lib/python3.10/site-packages/opencv_tools-0.0.0-py3.10.egg-info
[1.905s] running install_scripts
[1.939s] Installing aruco_marker_pose_estimation_tf script to /home/kimhotvedt/kand_ws/install/opencv_tools/lib/opencv_tools
[1.940s] Installing img_publisher script to /home/kimhotvedt/kand_ws/install/opencv_tools/lib/opencv_tools
[1.940s] Installing img_subscriber script to /home/kimhotvedt/kand_ws/install/opencv_tools/lib/opencv_tools
[1.940s] Installing tf_subscriber script to /home/kimhotvedt/kand_ws/install/opencv_tools/lib/opencv_tools
[1.941s] writing list of installed files to '/home/kimhotvedt/kand_ws/build/opencv_tools/install.log'
[1.986s] Invoked command in '/home/kimhotvedt/kand_ws/src/opencv_tools' returned '0': PYTHONPATH=/home/kimhotvedt/kand_ws/build/opencv_tools/prefix_override:/home/kimhotvedt/kand_ws/install/opencv_tools/lib/python3.10/site-packages:${PYTHONPATH} /usr/bin/python3 -W ignore:setup.py install is deprecated setup.py egg_info --egg-base ../../build/opencv_tools build --build-base /home/kimhotvedt/kand_ws/build/opencv_tools/build install --record /home/kimhotvedt/kand_ws/build/opencv_tools/install.log --single-version-externally-managed install_data
