[0.518s] Invoking command in '/home/kimhotvedt/kand_ws/src/opencv_tools': PYTHONPATH=/home/kimhotvedt/kand_ws/build/opencv_tools/prefix_override:/home/kimhotvedt/kand_ws/install/opencv_tools/lib/python3.10/site-packages:${PYTHONPATH} /usr/bin/python3 -W ignore:setup.py install is deprecated setup.py egg_info --egg-base ../../build/opencv_tools build --build-base /home/kimhotvedt/kand_ws/build/opencv_tools/build install --record /home/kimhotvedt/kand_ws/build/opencv_tools/install.log --single-version-externally-managed install_data
[0.842s] running egg_info
[0.843s] writing ../../build/opencv_tools/opencv_tools.egg-info/PKG-INFO
[0.843s] writing dependency_links to ../../build/opencv_tools/opencv_tools.egg-info/dependency_links.txt
[0.843s] writing entry points to ../../build/opencv_tools/opencv_tools.egg-info/entry_points.txt
[0.843s] writing requirements to ../../build/opencv_tools/opencv_tools.egg-info/requires.txt
[0.844s] writing top-level names to ../../build/opencv_tools/opencv_tools.egg-info/top_level.txt
[0.845s] reading manifest file '../../build/opencv_tools/opencv_tools.egg-info/SOURCES.txt'
[0.846s] writing manifest file '../../build/opencv_tools/opencv_tools.egg-info/SOURCES.txt'
[0.846s] running build
[0.847s] running build_py
[0.847s] running install
[0.848s] running install_lib
[0.848s] running install_data
[0.848s] running install_egg_info
[0.850s] removing '/home/kimhotvedt/kand_ws/install/opencv_tools/lib/python3.10/site-packages/opencv_tools-0.0.0-py3.10.egg-info' (and everything under it)
[0.850s] Copying ../../build/opencv_tools/opencv_tools.egg-info to /home/kimhotvedt/kand_ws/install/opencv_tools/lib/python3.10/site-packages/opencv_tools-0.0.0-py3.10.egg-info
[0.851s] running install_scripts
[0.865s] Installing aruco_marker_pose_estimation_tf script to /home/kimhotvedt/kand_ws/install/opencv_tools/lib/opencv_tools
[0.865s] Installing img_publisher script to /home/kimhotvedt/kand_ws/install/opencv_tools/lib/opencv_tools
[0.865s] Installing img_subscriber script to /home/kimhotvedt/kand_ws/install/opencv_tools/lib/opencv_tools
[0.866s] Installing tf_subscriber script to /home/kimhotvedt/kand_ws/install/opencv_tools/lib/opencv_tools
[0.866s] writing list of installed files to '/home/kimhotvedt/kand_ws/build/opencv_tools/install.log'
[0.886s] Invoked command in '/home/kimhotvedt/kand_ws/src/opencv_tools' returned '0': PYTHONPATH=/home/kimhotvedt/kand_ws/build/opencv_tools/prefix_override:/home/kimhotvedt/kand_ws/install/opencv_tools/lib/python3.10/site-packages:${PYTHONPATH} /usr/bin/python3 -W ignore:setup.py install is deprecated setup.py egg_info --egg-base ../../build/opencv_tools build --build-base /home/kimhotvedt/kand_ws/build/opencv_tools/build install --record /home/kimhotvedt/kand_ws/build/opencv_tools/install.log --single-version-externally-managed install_data
