[0.545s] DEBUG:colcon:Command line arguments: ['/usr/bin/colcon', 'build']
[0.546s] DEBUG:colcon:Parsed command line arguments: Namespace(log_base=None, log_level=None, verb_name='build', build_base='build', install_base='install', merge_install=False, symlink_install=False, test_result_base=None, continue_on_error=False, executor='parallel', parallel_workers=8, event_handlers=None, ignore_user_meta=False, metas=['./colcon.meta'], base_paths=['.'], packages_ignore=None, packages_ignore_regex=None, paths=None, packages_up_to=None, packages_up_to_regex=None, packages_above=None, packages_above_and_dependencies=None, packages_above_depth=None, packages_select_by_dep=None, packages_skip_by_dep=None, packages_skip_up_to=None, packages_select_build_failed=False, packages_skip_build_finished=False, packages_select_test_failures=False, packages_skip_test_passed=False, packages_select=None, packages_skip=None, packages_select_regex=None, packages_skip_regex=None, packages_start=None, packages_end=None, allow_overriding=[], cmake_args=None, cmake_target=None, cmake_target_skip_unavailable=False, cmake_clean_cache=False, cmake_clean_first=False, cmake_force_configure=False, ament_cmake_args=None, catkin_cmake_args=None, catkin_skip_building_tests=False, mixin_files=None, mixin=None, verb_parser=<colcon_mixin.mixin.mixin_argument.MixinArgumentDecorator object at 0x7f3d72b11930>, verb_extension=<colcon_core.verb.build.BuildVerb object at 0x7f3d72b11270>, main=<bound method BuildVerb.main of <colcon_core.verb.build.BuildVerb object at 0x7f3d72b11270>>, mixin_verb=('build',))
[0.848s] Level 1:colcon.colcon_core.package_discovery:discover_packages(colcon_meta) check parameters
[0.849s] Level 1:colcon.colcon_core.package_discovery:discover_packages(recursive) check parameters
[0.849s] Level 1:colcon.colcon_core.package_discovery:discover_packages(ignore) check parameters
[0.849s] Level 1:colcon.colcon_core.package_discovery:discover_packages(path) check parameters
[0.849s] Level 1:colcon.colcon_core.package_discovery:discover_packages(colcon_meta) discover
[0.849s] Level 1:colcon.colcon_core.package_discovery:discover_packages(recursive) discover
[0.849s] INFO:colcon.colcon_core.package_discovery:Crawling recursively for packages in '/home/kimhotvedt/kand_ws'
[0.849s] Level 1:colcon.colcon_core.package_identification:_identify(.) by extensions ['ignore', 'ignore_ament_install']
[0.849s] Level 1:colcon.colcon_core.package_identification:_identify(.) by extension 'ignore'
[0.849s] Level 1:colcon.colcon_core.package_identification:_identify(.) by extension 'ignore_ament_install'
[0.849s] Level 1:colcon.colcon_core.package_identification:_identify(.) by extensions ['colcon_pkg']
[0.849s] Level 1:colcon.colcon_core.package_identification:_identify(.) by extension 'colcon_pkg'
[0.850s] Level 1:colcon.colcon_core.package_identification:_identify(.) by extensions ['colcon_meta']
[0.850s] Level 1:colcon.colcon_core.package_identification:_identify(.) by extension 'colcon_meta'
[0.850s] Level 1:colcon.colcon_core.package_identification:_identify(.) by extensions ['ros']
[0.850s] Level 1:colcon.colcon_core.package_identification:_identify(.) by extension 'ros'
[0.864s] Level 1:colcon.colcon_core.package_identification:_identify(.) by extensions ['cmake', 'python']
[0.864s] Level 1:colcon.colcon_core.package_identification:_identify(.) by extension 'cmake'
[0.864s] Level 1:colcon.colcon_core.package_identification:_identify(.) by extension 'python'
[0.864s] Level 1:colcon.colcon_core.package_identification:_identify(.) by extensions ['python_setup_py']
[0.865s] Level 1:colcon.colcon_core.package_identification:_identify(.) by extension 'python_setup_py'
[0.865s] Level 1:colcon.colcon_core.package_identification:_identify(build) by extensions ['ignore', 'ignore_ament_install']
[0.865s] Level 1:colcon.colcon_core.package_identification:_identify(build) by extension 'ignore'
[0.865s] Level 1:colcon.colcon_core.package_identification:_identify(build) ignored
[0.865s] Level 1:colcon.colcon_core.package_identification:_identify(install) by extensions ['ignore', 'ignore_ament_install']
[0.865s] Level 1:colcon.colcon_core.package_identification:_identify(install) by extension 'ignore'
[0.865s] Level 1:colcon.colcon_core.package_identification:_identify(install) ignored
[0.866s] Level 1:colcon.colcon_core.package_identification:_identify(log) by extensions ['ignore', 'ignore_ament_install']
[0.866s] Level 1:colcon.colcon_core.package_identification:_identify(log) by extension 'ignore'
[0.866s] Level 1:colcon.colcon_core.package_identification:_identify(log) ignored
[0.866s] Level 1:colcon.colcon_core.package_identification:_identify(src) by extensions ['ignore', 'ignore_ament_install']
[0.866s] Level 1:colcon.colcon_core.package_identification:_identify(src) by extension 'ignore'
[0.866s] Level 1:colcon.colcon_core.package_identification:_identify(src) by extension 'ignore_ament_install'
[0.866s] Level 1:colcon.colcon_core.package_identification:_identify(src) by extensions ['colcon_pkg']
[0.866s] Level 1:colcon.colcon_core.package_identification:_identify(src) by extension 'colcon_pkg'
[0.866s] Level 1:colcon.colcon_core.package_identification:_identify(src) by extensions ['colcon_meta']
[0.866s] Level 1:colcon.colcon_core.package_identification:_identify(src) by extension 'colcon_meta'
[0.866s] Level 1:colcon.colcon_core.package_identification:_identify(src) by extensions ['ros']
[0.866s] Level 1:colcon.colcon_core.package_identification:_identify(src) by extension 'ros'
[0.866s] Level 1:colcon.colcon_core.package_identification:_identify(src) by extensions ['cmake', 'python']
[0.866s] Level 1:colcon.colcon_core.package_identification:_identify(src) by extension 'cmake'
[0.866s] Level 1:colcon.colcon_core.package_identification:_identify(src) by extension 'python'
[0.866s] Level 1:colcon.colcon_core.package_identification:_identify(src) by extensions ['python_setup_py']
[0.866s] Level 1:colcon.colcon_core.package_identification:_identify(src) by extension 'python_setup_py'
[0.866s] Level 1:colcon.colcon_core.package_identification:_identify(src/gazebo_test) by extensions ['ignore', 'ignore_ament_install']
[0.866s] Level 1:colcon.colcon_core.package_identification:_identify(src/gazebo_test) by extension 'ignore'
[0.867s] Level 1:colcon.colcon_core.package_identification:_identify(src/gazebo_test) by extension 'ignore_ament_install'
[0.867s] Level 1:colcon.colcon_core.package_identification:_identify(src/gazebo_test) by extensions ['colcon_pkg']
[0.867s] Level 1:colcon.colcon_core.package_identification:_identify(src/gazebo_test) by extension 'colcon_pkg'
[0.867s] Level 1:colcon.colcon_core.package_identification:_identify(src/gazebo_test) by extensions ['colcon_meta']
[0.867s] Level 1:colcon.colcon_core.package_identification:_identify(src/gazebo_test) by extension 'colcon_meta'
[0.867s] Level 1:colcon.colcon_core.package_identification:_identify(src/gazebo_test) by extensions ['ros']
[0.867s] Level 1:colcon.colcon_core.package_identification:_identify(src/gazebo_test) by extension 'ros'
[0.869s] DEBUG:colcon.colcon_core.package_identification:Package 'src/gazebo_test' with type 'ros.ament_cmake' and name 'gazebo_test'
[0.869s] Level 1:colcon.colcon_core.package_identification:_identify(src/opencv_tools) by extensions ['ignore', 'ignore_ament_install']
[0.869s] Level 1:colcon.colcon_core.package_identification:_identify(src/opencv_tools) by extension 'ignore'
[0.869s] Level 1:colcon.colcon_core.package_identification:_identify(src/opencv_tools) by extension 'ignore_ament_install'
[0.869s] Level 1:colcon.colcon_core.package_identification:_identify(src/opencv_tools) by extensions ['colcon_pkg']
[0.869s] Level 1:colcon.colcon_core.package_identification:_identify(src/opencv_tools) by extension 'colcon_pkg'
[0.870s] Level 1:colcon.colcon_core.package_identification:_identify(src/opencv_tools) by extensions ['colcon_meta']
[0.870s] Level 1:colcon.colcon_core.package_identification:_identify(src/opencv_tools) by extension 'colcon_meta'
[0.870s] Level 1:colcon.colcon_core.package_identification:_identify(src/opencv_tools) by extensions ['ros']
[0.870s] Level 1:colcon.colcon_core.package_identification:_identify(src/opencv_tools) by extension 'ros'
[0.871s] DEBUG:colcon.colcon_core.package_identification:Package 'src/opencv_tools' with type 'ros.ament_python' and name 'opencv_tools'
[0.871s] Level 1:colcon.colcon_core.package_discovery:discover_packages(recursive) using defaults
[0.871s] Level 1:colcon.colcon_core.package_discovery:discover_packages(ignore) discover
[0.871s] Level 1:colcon.colcon_core.package_discovery:discover_packages(ignore) using defaults
[0.871s] Level 1:colcon.colcon_core.package_discovery:discover_packages(path) discover
[0.871s] Level 1:colcon.colcon_core.package_discovery:discover_packages(path) using defaults
[0.920s] Level 1:colcon.colcon_core.package_discovery:discover_packages(prefix_path) check parameters
[0.920s] Level 1:colcon.colcon_core.package_discovery:discover_packages(prefix_path) discover
[0.926s] DEBUG:colcon.colcon_installed_package_information.package_discovery:Found 2 installed packages in /home/kimhotvedt/kand_ws/install
[0.929s] DEBUG:colcon.colcon_installed_package_information.package_discovery:Found 307 installed packages in /opt/ros/iron
[0.933s] Level 1:colcon.colcon_core.package_discovery:discover_packages(prefix_path) using defaults
[1.012s] Level 5:colcon.colcon_core.verb:set package 'gazebo_test' build argument 'cmake_args' from command line to 'None'
[1.013s] Level 5:colcon.colcon_core.verb:set package 'gazebo_test' build argument 'cmake_target' from command line to 'None'
[1.013s] Level 5:colcon.colcon_core.verb:set package 'gazebo_test' build argument 'cmake_target_skip_unavailable' from command line to 'False'
[1.013s] Level 5:colcon.colcon_core.verb:set package 'gazebo_test' build argument 'cmake_clean_cache' from command line to 'False'
[1.013s] Level 5:colcon.colcon_core.verb:set package 'gazebo_test' build argument 'cmake_clean_first' from command line to 'False'
[1.013s] Level 5:colcon.colcon_core.verb:set package 'gazebo_test' build argument 'cmake_force_configure' from command line to 'False'
[1.013s] Level 5:colcon.colcon_core.verb:set package 'gazebo_test' build argument 'ament_cmake_args' from command line to 'None'
[1.014s] Level 5:colcon.colcon_core.verb:set package 'gazebo_test' build argument 'catkin_cmake_args' from command line to 'None'
[1.014s] Level 5:colcon.colcon_core.verb:set package 'gazebo_test' build argument 'catkin_skip_building_tests' from command line to 'False'
[1.015s] DEBUG:colcon.colcon_core.verb:Building package 'gazebo_test' with the following arguments: {'ament_cmake_args': None, 'build_base': '/home/kimhotvedt/kand_ws/build/gazebo_test', 'catkin_cmake_args': None, 'catkin_skip_building_tests': False, 'cmake_args': None, 'cmake_clean_cache': False, 'cmake_clean_first': False, 'cmake_force_configure': False, 'cmake_target': None, 'cmake_target_skip_unavailable': False, 'install_base': '/home/kimhotvedt/kand_ws/install/gazebo_test', 'merge_install': False, 'path': '/home/kimhotvedt/kand_ws/src/gazebo_test', 'symlink_install': False, 'test_result_base': None}
[1.016s] Level 5:colcon.colcon_core.verb:set package 'opencv_tools' build argument 'cmake_args' from command line to 'None'
[1.016s] Level 5:colcon.colcon_core.verb:set package 'opencv_tools' build argument 'cmake_target' from command line to 'None'
[1.016s] Level 5:colcon.colcon_core.verb:set package 'opencv_tools' build argument 'cmake_target_skip_unavailable' from command line to 'False'
[1.017s] Level 5:colcon.colcon_core.verb:set package 'opencv_tools' build argument 'cmake_clean_cache' from command line to 'False'
[1.017s] Level 5:colcon.colcon_core.verb:set package 'opencv_tools' build argument 'cmake_clean_first' from command line to 'False'
[1.017s] Level 5:colcon.colcon_core.verb:set package 'opencv_tools' build argument 'cmake_force_configure' from command line to 'False'
[1.017s] Level 5:colcon.colcon_core.verb:set package 'opencv_tools' build argument 'ament_cmake_args' from command line to 'None'
[1.017s] Level 5:colcon.colcon_core.verb:set package 'opencv_tools' build argument 'catkin_cmake_args' from command line to 'None'
[1.017s] Level 5:colcon.colcon_core.verb:set package 'opencv_tools' build argument 'catkin_skip_building_tests' from command line to 'False'
[1.017s] DEBUG:colcon.colcon_core.verb:Building package 'opencv_tools' with the following arguments: {'ament_cmake_args': None, 'build_base': '/home/kimhotvedt/kand_ws/build/opencv_tools', 'catkin_cmake_args': None, 'catkin_skip_building_tests': False, 'cmake_args': None, 'cmake_clean_cache': False, 'cmake_clean_first': False, 'cmake_force_configure': False, 'cmake_target': None, 'cmake_target_skip_unavailable': False, 'install_base': '/home/kimhotvedt/kand_ws/install/opencv_tools', 'merge_install': False, 'path': '/home/kimhotvedt/kand_ws/src/opencv_tools', 'symlink_install': False, 'test_result_base': None}
[1.018s] INFO:colcon.colcon_core.executor:Executing jobs using 'parallel' executor
[1.020s] DEBUG:colcon.colcon_parallel_executor.executor.parallel:run_until_complete
[1.021s] INFO:colcon.colcon_ros.task.ament_cmake.build:Building ROS package in '/home/kimhotvedt/kand_ws/src/gazebo_test' with build type 'ament_cmake'
[1.021s] INFO:colcon.colcon_cmake.task.cmake.build:Building CMake package in '/home/kimhotvedt/kand_ws/src/gazebo_test'
[1.028s] INFO:colcon.colcon_core.plugin_system:Skipping extension 'colcon_core.shell.bat': Not used on non-Windows systems
[1.029s] INFO:colcon.colcon_core.shell:Skip shell extension 'powershell' for command environment: Not usable outside of PowerShell
[1.029s] DEBUG:colcon.colcon_core.shell:Skip shell extension 'dsv' for command environment
[1.037s] INFO:colcon.colcon_ros.task.ament_python.build:Building ROS package in '/home/kimhotvedt/kand_ws/src/opencv_tools' with build type 'ament_python'
[1.038s] Level 1:colcon.colcon_core.shell:create_environment_hook('opencv_tools', 'ament_prefix_path')
[1.038s] INFO:colcon.colcon_core.shell:Creating environment hook '/home/kimhotvedt/kand_ws/install/opencv_tools/share/opencv_tools/hook/ament_prefix_path.ps1'
[1.040s] INFO:colcon.colcon_core.shell:Creating environment descriptor '/home/kimhotvedt/kand_ws/install/opencv_tools/share/opencv_tools/hook/ament_prefix_path.dsv'
[1.042s] INFO:colcon.colcon_core.shell:Creating environment hook '/home/kimhotvedt/kand_ws/install/opencv_tools/share/opencv_tools/hook/ament_prefix_path.sh'
[1.045s] INFO:colcon.colcon_core.shell:Skip shell extension 'powershell' for command environment: Not usable outside of PowerShell
[1.045s] DEBUG:colcon.colcon_core.shell:Skip shell extension 'dsv' for command environment
[1.065s] DEBUG:colcon.colcon_core.event_handler.log_command:Invoking command in '/home/kimhotvedt/kand_ws/build/gazebo_test': CMAKE_PREFIX_PATH=${CMAKE_PREFIX_PATH}:/home/kimhotvedt/kand_ws/install/opencv_tools:/opt/ros/iron /usr/bin/cmake --build /home/kimhotvedt/kand_ws/build/gazebo_test -- -j8 -l8
[1.522s] INFO:colcon.colcon_core.task.python.build:Building Python package in '/home/kimhotvedt/kand_ws/src/opencv_tools'
[1.523s] INFO:colcon.colcon_core.shell:Skip shell extension 'powershell' for command environment: Not usable outside of PowerShell
[1.524s] DEBUG:colcon.colcon_core.shell:Skip shell extension 'dsv' for command environment
[1.548s] DEBUG:colcon.colcon_core.event_handler.log_command:Invoked command in '/home/kimhotvedt/kand_ws/build/gazebo_test' returned '0': CMAKE_PREFIX_PATH=${CMAKE_PREFIX_PATH}:/home/kimhotvedt/kand_ws/install/opencv_tools:/opt/ros/iron /usr/bin/cmake --build /home/kimhotvedt/kand_ws/build/gazebo_test -- -j8 -l8
[1.607s] DEBUG:colcon.colcon_core.event_handler.log_command:Invoking command in '/home/kimhotvedt/kand_ws/build/gazebo_test': CMAKE_PREFIX_PATH=${CMAKE_PREFIX_PATH}:/home/kimhotvedt/kand_ws/install/opencv_tools:/opt/ros/iron /usr/bin/cmake --install /home/kimhotvedt/kand_ws/build/gazebo_test
[1.632s] Level 1:colcon.colcon_core.environment:create_environment_scripts_only(gazebo_test)
[1.634s] DEBUG:colcon.colcon_core.event_handler.log_command:Invoked command in '/home/kimhotvedt/kand_ws/build/gazebo_test' returned '0': CMAKE_PREFIX_PATH=${CMAKE_PREFIX_PATH}:/home/kimhotvedt/kand_ws/install/opencv_tools:/opt/ros/iron /usr/bin/cmake --install /home/kimhotvedt/kand_ws/build/gazebo_test
[1.639s] Level 1:colcon.colcon_core.environment:checking '/home/kimhotvedt/kand_ws/install/gazebo_test' for CMake module files
[1.639s] Level 1:colcon.colcon_core.environment:checking '/home/kimhotvedt/kand_ws/install/gazebo_test' for CMake config files
[1.640s] Level 1:colcon.colcon_core.shell:create_environment_hook('gazebo_test', 'cmake_prefix_path')
[1.640s] INFO:colcon.colcon_core.shell:Creating environment hook '/home/kimhotvedt/kand_ws/install/gazebo_test/share/gazebo_test/hook/cmake_prefix_path.ps1'
[1.641s] INFO:colcon.colcon_core.shell:Creating environment descriptor '/home/kimhotvedt/kand_ws/install/gazebo_test/share/gazebo_test/hook/cmake_prefix_path.dsv'
[1.641s] INFO:colcon.colcon_core.shell:Creating environment hook '/home/kimhotvedt/kand_ws/install/gazebo_test/share/gazebo_test/hook/cmake_prefix_path.sh'
[1.643s] Level 1:colcon.colcon_core.environment:checking '/home/kimhotvedt/kand_ws/install/gazebo_test/bin'
[1.643s] Level 1:colcon.colcon_core.environment:checking '/home/kimhotvedt/kand_ws/install/gazebo_test/lib/pkgconfig/gazebo_test.pc'
[1.643s] Level 1:colcon.colcon_core.environment:checking '/home/kimhotvedt/kand_ws/install/gazebo_test/lib/python3.10/site-packages'
[1.644s] Level 1:colcon.colcon_core.environment:checking '/home/kimhotvedt/kand_ws/install/gazebo_test/bin'
[1.644s] INFO:colcon.colcon_core.shell:Creating package script '/home/kimhotvedt/kand_ws/install/gazebo_test/share/gazebo_test/package.ps1'
[1.646s] INFO:colcon.colcon_core.shell:Creating package descriptor '/home/kimhotvedt/kand_ws/install/gazebo_test/share/gazebo_test/package.dsv'
[1.647s] INFO:colcon.colcon_core.shell:Creating package script '/home/kimhotvedt/kand_ws/install/gazebo_test/share/gazebo_test/package.sh'
[1.648s] INFO:colcon.colcon_core.shell:Creating package script '/home/kimhotvedt/kand_ws/install/gazebo_test/share/gazebo_test/package.bash'
[1.652s] INFO:colcon.colcon_core.shell:Creating package script '/home/kimhotvedt/kand_ws/install/gazebo_test/share/gazebo_test/package.zsh'
[1.655s] Level 1:colcon.colcon_core.environment:create_file_with_runtime_dependencies(/home/kimhotvedt/kand_ws/install/gazebo_test/share/colcon-core/packages/gazebo_test)
[1.692s] Level 1:colcon.colcon_core.environment:create_environment_scripts_only(gazebo_test)
[1.692s] Level 1:colcon.colcon_core.environment:checking '/home/kimhotvedt/kand_ws/install/gazebo_test' for CMake module files
[1.693s] Level 1:colcon.colcon_core.environment:checking '/home/kimhotvedt/kand_ws/install/gazebo_test' for CMake config files
[1.694s] Level 1:colcon.colcon_core.shell:create_environment_hook('gazebo_test', 'cmake_prefix_path')
[1.694s] INFO:colcon.colcon_core.shell:Creating environment hook '/home/kimhotvedt/kand_ws/install/gazebo_test/share/gazebo_test/hook/cmake_prefix_path.ps1'
[1.695s] INFO:colcon.colcon_core.shell:Creating environment descriptor '/home/kimhotvedt/kand_ws/install/gazebo_test/share/gazebo_test/hook/cmake_prefix_path.dsv'
[1.696s] INFO:colcon.colcon_core.shell:Creating environment hook '/home/kimhotvedt/kand_ws/install/gazebo_test/share/gazebo_test/hook/cmake_prefix_path.sh'
[1.697s] Level 1:colcon.colcon_core.environment:checking '/home/kimhotvedt/kand_ws/install/gazebo_test/bin'
[1.697s] Level 1:colcon.colcon_core.environment:checking '/home/kimhotvedt/kand_ws/install/gazebo_test/lib/pkgconfig/gazebo_test.pc'
[1.698s] Level 1:colcon.colcon_core.environment:checking '/home/kimhotvedt/kand_ws/install/gazebo_test/lib/python3.10/site-packages'
[1.698s] Level 1:colcon.colcon_core.environment:checking '/home/kimhotvedt/kand_ws/install/gazebo_test/bin'
[1.699s] INFO:colcon.colcon_core.shell:Creating package script '/home/kimhotvedt/kand_ws/install/gazebo_test/share/gazebo_test/package.ps1'
[1.700s] INFO:colcon.colcon_core.shell:Creating package descriptor '/home/kimhotvedt/kand_ws/install/gazebo_test/share/gazebo_test/package.dsv'
[1.701s] INFO:colcon.colcon_core.shell:Creating package script '/home/kimhotvedt/kand_ws/install/gazebo_test/share/gazebo_test/package.sh'
[1.703s] INFO:colcon.colcon_core.shell:Creating package script '/home/kimhotvedt/kand_ws/install/gazebo_test/share/gazebo_test/package.bash'
[1.705s] INFO:colcon.colcon_core.shell:Creating package script '/home/kimhotvedt/kand_ws/install/gazebo_test/share/gazebo_test/package.zsh'
[1.706s] Level 1:colcon.colcon_core.environment:create_file_with_runtime_dependencies(/home/kimhotvedt/kand_ws/install/gazebo_test/share/colcon-core/packages/gazebo_test)
[2.248s] DEBUG:colcon.colcon_core.event_handler.log_command:Invoking command in '/home/kimhotvedt/kand_ws/src/opencv_tools': PYTHONPATH=/home/kimhotvedt/kand_ws/build/opencv_tools/prefix_override:/home/kimhotvedt/kand_ws/install/opencv_tools/lib/python3.10/site-packages:${PYTHONPATH} /usr/bin/python3 -W ignore:setup.py install is deprecated setup.py egg_info --egg-base ../../build/opencv_tools build --build-base /home/kimhotvedt/kand_ws/build/opencv_tools/build install --record /home/kimhotvedt/kand_ws/build/opencv_tools/install.log --single-version-externally-managed install_data
[2.818s] Level 1:colcon.colcon_core.environment:checking '/home/kimhotvedt/kand_ws/install/opencv_tools' for CMake module files
[2.818s] DEBUG:colcon.colcon_core.event_handler.log_command:Invoked command in '/home/kimhotvedt/kand_ws/src/opencv_tools' returned '0': PYTHONPATH=/home/kimhotvedt/kand_ws/build/opencv_tools/prefix_override:/home/kimhotvedt/kand_ws/install/opencv_tools/lib/python3.10/site-packages:${PYTHONPATH} /usr/bin/python3 -W ignore:setup.py install is deprecated setup.py egg_info --egg-base ../../build/opencv_tools build --build-base /home/kimhotvedt/kand_ws/build/opencv_tools/build install --record /home/kimhotvedt/kand_ws/build/opencv_tools/install.log --single-version-externally-managed install_data
[2.819s] Level 1:colcon.colcon_core.environment:checking '/home/kimhotvedt/kand_ws/install/opencv_tools' for CMake config files
[2.820s] Level 1:colcon.colcon_core.environment:checking '/home/kimhotvedt/kand_ws/install/opencv_tools/lib'
[2.820s] Level 1:colcon.colcon_core.environment:checking '/home/kimhotvedt/kand_ws/install/opencv_tools/bin'
[2.820s] Level 1:colcon.colcon_core.environment:checking '/home/kimhotvedt/kand_ws/install/opencv_tools/lib/pkgconfig/opencv_tools.pc'
[2.820s] Level 1:colcon.colcon_core.environment:checking '/home/kimhotvedt/kand_ws/install/opencv_tools/lib/python3.10/site-packages'
[2.820s] Level 1:colcon.colcon_core.shell:create_environment_hook('opencv_tools', 'pythonpath')
[2.820s] INFO:colcon.colcon_core.shell:Creating environment hook '/home/kimhotvedt/kand_ws/install/opencv_tools/share/opencv_tools/hook/pythonpath.ps1'
[2.821s] INFO:colcon.colcon_core.shell:Creating environment descriptor '/home/kimhotvedt/kand_ws/install/opencv_tools/share/opencv_tools/hook/pythonpath.dsv'
[2.821s] INFO:colcon.colcon_core.shell:Creating environment hook '/home/kimhotvedt/kand_ws/install/opencv_tools/share/opencv_tools/hook/pythonpath.sh'
[2.822s] Level 1:colcon.colcon_core.environment:checking '/home/kimhotvedt/kand_ws/install/opencv_tools/bin'
[2.822s] Level 1:colcon.colcon_core.environment:create_environment_scripts_only(opencv_tools)
[2.822s] INFO:colcon.colcon_core.shell:Creating package script '/home/kimhotvedt/kand_ws/install/opencv_tools/share/opencv_tools/package.ps1'
[2.823s] INFO:colcon.colcon_core.shell:Creating package descriptor '/home/kimhotvedt/kand_ws/install/opencv_tools/share/opencv_tools/package.dsv'
[2.823s] INFO:colcon.colcon_core.shell:Creating package script '/home/kimhotvedt/kand_ws/install/opencv_tools/share/opencv_tools/package.sh'
[2.824s] INFO:colcon.colcon_core.shell:Creating package script '/home/kimhotvedt/kand_ws/install/opencv_tools/share/opencv_tools/package.bash'
[2.824s] INFO:colcon.colcon_core.shell:Creating package script '/home/kimhotvedt/kand_ws/install/opencv_tools/share/opencv_tools/package.zsh'
[2.825s] Level 1:colcon.colcon_core.environment:create_file_with_runtime_dependencies(/home/kimhotvedt/kand_ws/install/opencv_tools/share/colcon-core/packages/opencv_tools)
[2.825s] DEBUG:colcon.colcon_parallel_executor.executor.parallel:closing loop
[2.826s] DEBUG:colcon.colcon_parallel_executor.executor.parallel:loop closed
[2.827s] DEBUG:colcon.colcon_parallel_executor.executor.parallel:run_until_complete finished with '0'
[2.827s] DEBUG:colcon.colcon_core.event_reactor:joining thread
[2.917s] INFO:colcon.colcon_core.plugin_system:Skipping extension 'colcon_notification.desktop_notification.notify_send': Could not find 'notify-send'
[2.918s] INFO:colcon.colcon_core.plugin_system:Skipping extension 'colcon_notification.desktop_notification.terminal_notifier': Not used on non-Darwin systems
[2.918s] INFO:colcon.colcon_core.plugin_system:Skipping extension 'colcon_notification.desktop_notification.win32': Not used on non-Windows systems
[2.918s] INFO:colcon.colcon_notification.desktop_notification:Sending desktop notification using 'notify2'
[2.918s] DEBUG:colcon.colcon_notification.desktop_notification.notify2:Failed to initialize notify2: org.freedesktop.DBus.Error.FileNotFound: Failed to connect to socket /run/user/1000/bus: No such file or directory
[2.918s] DEBUG:colcon.colcon_core.event_reactor:joined thread
[2.919s] INFO:colcon.colcon_core.shell:Creating prefix script '/home/kimhotvedt/kand_ws/install/local_setup.ps1'
[2.920s] INFO:colcon.colcon_core.shell:Creating prefix util module '/home/kimhotvedt/kand_ws/install/_local_setup_util_ps1.py'
[2.921s] INFO:colcon.colcon_core.shell:Creating prefix chain script '/home/kimhotvedt/kand_ws/install/setup.ps1'
[2.922s] INFO:colcon.colcon_core.shell:Creating prefix script '/home/kimhotvedt/kand_ws/install/local_setup.sh'
[2.923s] INFO:colcon.colcon_core.shell:Creating prefix util module '/home/kimhotvedt/kand_ws/install/_local_setup_util_sh.py'
[2.923s] INFO:colcon.colcon_core.shell:Creating prefix chain script '/home/kimhotvedt/kand_ws/install/setup.sh'
[2.924s] INFO:colcon.colcon_core.shell:Creating prefix script '/home/kimhotvedt/kand_ws/install/local_setup.bash'
[2.925s] INFO:colcon.colcon_core.shell:Creating prefix chain script '/home/kimhotvedt/kand_ws/install/setup.bash'
[2.926s] INFO:colcon.colcon_core.shell:Creating prefix script '/home/kimhotvedt/kand_ws/install/local_setup.zsh'
[2.926s] INFO:colcon.colcon_core.shell:Creating prefix chain script '/home/kimhotvedt/kand_ws/install/setup.zsh'
