[0.694s] Invoking command in '/home/kimhotvedt/kand_ws/src/opencv_tools': PYTHONPATH=/home/kimhotvedt/kand_ws/build/opencv_tools/prefix_override:/home/kimhotvedt/kand_ws/install/opencv_tools/lib/python3.10/site-packages:${PYTHONPATH} /usr/bin/python3 -W ignore:setup.py install is deprecated setup.py egg_info --egg-base ../../build/opencv_tools build --build-base /home/kimhotvedt/kand_ws/build/opencv_tools/build install --record /home/kimhotvedt/kand_ws/build/opencv_tools/install.log --single-version-externally-managed install_data
[0.947s] running egg_info
[0.947s] writing ../../build/opencv_tools/opencv_tools.egg-info/PKG-INFO
[0.948s] writing dependency_links to ../../build/opencv_tools/opencv_tools.egg-info/dependency_links.txt
[0.948s] writing entry points to ../../build/opencv_tools/opencv_tools.egg-info/entry_points.txt
[0.948s] writing requirements to ../../build/opencv_tools/opencv_tools.egg-info/requires.txt
[0.949s] writing top-level names to ../../build/opencv_tools/opencv_tools.egg-info/top_level.txt
[0.953s] reading manifest file '../../build/opencv_tools/opencv_tools.egg-info/SOURCES.txt'
[0.955s] writing manifest file '../../build/opencv_tools/opencv_tools.egg-info/SOURCES.txt'
[0.955s] running build
[0.955s] running build_py
[0.955s] copying opencv_tools/tf_subscriber.py -> /home/kimhotvedt/kand_ws/build/opencv_tools/build/lib/opencv_tools
[0.956s] running install
[0.956s] running install_lib
[0.958s] copying /home/kimhotvedt/kand_ws/build/opencv_tools/build/lib/opencv_tools/tf_subscriber.py -> /home/kimhotvedt/kand_ws/install/opencv_tools/lib/python3.10/site-packages/opencv_tools
[0.959s] byte-compiling /home/kimhotvedt/kand_ws/install/opencv_tools/lib/python3.10/site-packages/opencv_tools/tf_subscriber.py to tf_subscriber.cpython-310.pyc
[0.960s] running install_data
[0.960s] running install_egg_info
[0.963s] removing '/home/kimhotvedt/kand_ws/install/opencv_tools/lib/python3.10/site-packages/opencv_tools-0.0.0-py3.10.egg-info' (and everything under it)
[0.964s] Copying ../../build/opencv_tools/opencv_tools.egg-info to /home/kimhotvedt/kand_ws/install/opencv_tools/lib/python3.10/site-packages/opencv_tools-0.0.0-py3.10.egg-info
[0.966s] running install_scripts
[0.985s] Installing aruco_marker_pose_estimation_tf script to /home/kimhotvedt/kand_ws/install/opencv_tools/lib/opencv_tools
[0.985s] Installing img_publisher script to /home/kimhotvedt/kand_ws/install/opencv_tools/lib/opencv_tools
[0.985s] Installing img_subscriber script to /home/kimhotvedt/kand_ws/install/opencv_tools/lib/opencv_tools
[0.985s] Installing tf_subscriber script to /home/kimhotvedt/kand_ws/install/opencv_tools/lib/opencv_tools
[0.985s] writing list of installed files to '/home/kimhotvedt/kand_ws/build/opencv_tools/install.log'
[1.015s] Invoked command in '/home/kimhotvedt/kand_ws/src/opencv_tools' returned '0': PYTHONPATH=/home/kimhotvedt/kand_ws/build/opencv_tools/prefix_override:/home/kimhotvedt/kand_ws/install/opencv_tools/lib/python3.10/site-packages:${PYTHONPATH} /usr/bin/python3 -W ignore:setup.py install is deprecated setup.py egg_info --egg-base ../../build/opencv_tools build --build-base /home/kimhotvedt/kand_ws/build/opencv_tools/build install --record /home/kimhotvedt/kand_ws/build/opencv_tools/install.log --single-version-externally-managed install_data
