/home/kimhotvedt/kand_ws/install/opencv_tools/lib/python3.10/site-packages/opencv_tools/tf_subscriber.py
/home/kimhotvedt/kand_ws/install/opencv_tools/lib/python3.10/site-packages/opencv_tools/basic_image_publisher.py
/home/kimhotvedt/kand_ws/install/opencv_tools/lib/python3.10/site-packages/opencv_tools/aruco_marker_pose_estimation_tf.py
/home/kimhotvedt/kand_ws/install/opencv_tools/lib/python3.10/site-packages/opencv_tools/basic_image_subscriber.py
/home/kimhotvedt/kand_ws/install/opencv_tools/lib/python3.10/site-packages/opencv_tools/__init__.py
/home/kimhotvedt/kand_ws/install/opencv_tools/lib/python3.10/site-packages/opencv_tools/__pycache__/tf_subscriber.cpython-310.pyc
/home/kimhotvedt/kand_ws/install/opencv_tools/lib/python3.10/site-packages/opencv_tools/__pycache__/basic_image_publisher.cpython-310.pyc
/home/kimhotvedt/kand_ws/install/opencv_tools/lib/python3.10/site-packages/opencv_tools/__pycache__/aruco_marker_pose_estimation_tf.cpython-310.pyc
/home/kimhotvedt/kand_ws/install/opencv_tools/lib/python3.10/site-packages/opencv_tools/__pycache__/basic_image_subscriber.cpython-310.pyc
/home/kimhotvedt/kand_ws/install/opencv_tools/lib/python3.10/site-packages/opencv_tools/__pycache__/__init__.cpython-310.pyc
/home/kimhotvedt/kand_ws/install/opencv_tools/share/ament_index/resource_index/packages/opencv_tools
/home/kimhotvedt/kand_ws/install/opencv_tools/share/opencv_tools/package.xml
/home/kimhotvedt/kand_ws/install/opencv_tools/lib/python3.10/site-packages/opencv_tools-0.0.0-py3.10.egg-info/dependency_links.txt
/home/kimhotvedt/kand_ws/install/opencv_tools/lib/python3.10/site-packages/opencv_tools-0.0.0-py3.10.egg-info/PKG-INFO
/home/kimhotvedt/kand_ws/install/opencv_tools/lib/python3.10/site-packages/opencv_tools-0.0.0-py3.10.egg-info/zip-safe
/home/kimhotvedt/kand_ws/install/opencv_tools/lib/python3.10/site-packages/opencv_tools-0.0.0-py3.10.egg-info/requires.txt
/home/kimhotvedt/kand_ws/install/opencv_tools/lib/python3.10/site-packages/opencv_tools-0.0.0-py3.10.egg-info/top_level.txt
/home/kimhotvedt/kand_ws/install/opencv_tools/lib/python3.10/site-packages/opencv_tools-0.0.0-py3.10.egg-info/entry_points.txt
/home/kimhotvedt/kand_ws/install/opencv_tools/lib/python3.10/site-packages/opencv_tools-0.0.0-py3.10.egg-info/SOURCES.txt
/home/kimhotvedt/kand_ws/install/opencv_tools/lib/opencv_tools/aruco_marker_pose_estimation_tf
/home/kimhotvedt/kand_ws/install/opencv_tools/lib/opencv_tools/img_publisher
/home/kimhotvedt/kand_ws/install/opencv_tools/lib/opencv_tools/img_subscriber
/home/kimhotvedt/kand_ws/install/opencv_tools/lib/opencv_tools/tf_subscriber
