[0.525s] Invoking command in '/home/kimhotvedt/kand_ws/src/opencv_tools': PYTHONPATH=/home/kimhotvedt/kand_ws/build/opencv_tools/prefix_override:/home/kimhotvedt/kand_ws/install/opencv_tools/lib/python3.10/site-packages:${PYTHONPATH} /usr/bin/python3 -W ignore:setup.py install is deprecated setup.py egg_info --egg-base ../../build/opencv_tools build --build-base /home/kimhotvedt/kand_ws/build/opencv_tools/build install --record /home/kimhotvedt/kand_ws/build/opencv_tools/install.log --single-version-externally-managed install_data
[0.703s] running egg_info
[0.703s] writing ../../build/opencv_tools/opencv_tools.egg-info/PKG-INFO
[0.703s] writing dependency_links to ../../build/opencv_tools/opencv_tools.egg-info/dependency_links.txt
[0.704s] writing entry points to ../../build/opencv_tools/opencv_tools.egg-info/entry_points.txt
[0.704s] writing requirements to ../../build/opencv_tools/opencv_tools.egg-info/requires.txt
[0.704s] writing top-level names to ../../build/opencv_tools/opencv_tools.egg-info/top_level.txt
[0.705s] reading manifest file '../../build/opencv_tools/opencv_tools.egg-info/SOURCES.txt'
[0.706s] writing manifest file '../../build/opencv_tools/opencv_tools.egg-info/SOURCES.txt'
[0.706s] running build
[0.706s] running build_py
[0.706s] copying opencv_tools/aruco_marker_pose_estimation_tf.py -> /home/kimhotvedt/kand_ws/build/opencv_tools/build/lib/opencv_tools
[0.706s] running install
[0.707s] running install_lib
[0.707s] copying /home/kimhotvedt/kand_ws/build/opencv_tools/build/lib/opencv_tools/aruco_marker_pose_estimation_tf.py -> /home/kimhotvedt/kand_ws/install/opencv_tools/lib/python3.10/site-packages/opencv_tools
[0.708s] byte-compiling /home/kimhotvedt/kand_ws/install/opencv_tools/lib/python3.10/site-packages/opencv_tools/aruco_marker_pose_estimation_tf.py to aruco_marker_pose_estimation_tf.cpython-310.pyc
[0.709s] running install_data
[0.710s] running install_egg_info
[0.711s] removing '/home/kimhotvedt/kand_ws/install/opencv_tools/lib/python3.10/site-packages/opencv_tools-0.0.0-py3.10.egg-info' (and everything under it)
[0.711s] Copying ../../build/opencv_tools/opencv_tools.egg-info to /home/kimhotvedt/kand_ws/install/opencv_tools/lib/python3.10/site-packages/opencv_tools-0.0.0-py3.10.egg-info
[0.712s] running install_scripts
[0.727s] Installing aruco_marker_pose_estimation_tf script to /home/kimhotvedt/kand_ws/install/opencv_tools/lib/opencv_tools
[0.727s] Installing img_publisher script to /home/kimhotvedt/kand_ws/install/opencv_tools/lib/opencv_tools
[0.727s] Installing img_subscriber script to /home/kimhotvedt/kand_ws/install/opencv_tools/lib/opencv_tools
[0.727s] Installing tf_subscriber script to /home/kimhotvedt/kand_ws/install/opencv_tools/lib/opencv_tools
[0.727s] writing list of installed files to '/home/kimhotvedt/kand_ws/build/opencv_tools/install.log'
[0.752s] Invoked command in '/home/kimhotvedt/kand_ws/src/opencv_tools' returned '0': PYTHONPATH=/home/kimhotvedt/kand_ws/build/opencv_tools/prefix_override:/home/kimhotvedt/kand_ws/install/opencv_tools/lib/python3.10/site-packages:${PYTHONPATH} /usr/bin/python3 -W ignore:setup.py install is deprecated setup.py egg_info --egg-base ../../build/opencv_tools build --build-base /home/kimhotvedt/kand_ws/build/opencv_tools/build install --record /home/kimhotvedt/kand_ws/build/opencv_tools/install.log --single-version-externally-managed install_data
