[0.760s] Invoking command in '/home/kimhotvedt/kand_ws/src/opencv_tools': PYTHONPATH=/home/kimhotvedt/kand_ws/build/opencv_tools/prefix_override:/home/kimhotvedt/kand_ws/install/opencv_tools/lib/python3.10/site-packages:${PYTHONPATH} /usr/bin/python3 -W ignore:setup.py install is deprecated setup.py egg_info --egg-base ../../build/opencv_tools build --build-base /home/kimhotvedt/kand_ws/build/opencv_tools/build install --record /home/kimhotvedt/kand_ws/build/opencv_tools/install.log --single-version-externally-managed install_data
[1.021s] running egg_info
[1.022s] writing ../../build/opencv_tools/opencv_tools.egg-info/PKG-INFO
[1.022s] writing dependency_links to ../../build/opencv_tools/opencv_tools.egg-info/dependency_links.txt
[1.023s] writing entry points to ../../build/opencv_tools/opencv_tools.egg-info/entry_points.txt
[1.023s] writing requirements to ../../build/opencv_tools/opencv_tools.egg-info/requires.txt
[1.023s] writing top-level names to ../../build/opencv_tools/opencv_tools.egg-info/top_level.txt
[1.026s] reading manifest file '../../build/opencv_tools/opencv_tools.egg-info/SOURCES.txt'
[1.027s] writing manifest file '../../build/opencv_tools/opencv_tools.egg-info/SOURCES.txt'
[1.027s] running build
[1.027s] running build_py
[1.027s] copying opencv_tools/tf_subscriber.py -> /home/kimhotvedt/kand_ws/build/opencv_tools/build/lib/opencv_tools
[1.028s] copying opencv_tools/aruco_marker_pose_estimation_tf.py -> /home/kimhotvedt/kand_ws/build/opencv_tools/build/lib/opencv_tools
[1.029s] running install
[1.029s] running install_lib
[1.030s] copying /home/kimhotvedt/kand_ws/build/opencv_tools/build/lib/opencv_tools/tf_subscriber.py -> /home/kimhotvedt/kand_ws/install/opencv_tools/lib/python3.10/site-packages/opencv_tools
[1.031s] copying /home/kimhotvedt/kand_ws/build/opencv_tools/build/lib/opencv_tools/aruco_marker_pose_estimation_tf.py -> /home/kimhotvedt/kand_ws/install/opencv_tools/lib/python3.10/site-packages/opencv_tools
[1.031s] byte-compiling /home/kimhotvedt/kand_ws/install/opencv_tools/lib/python3.10/site-packages/opencv_tools/tf_subscriber.py to tf_subscriber.cpython-310.pyc
[1.033s] byte-compiling /home/kimhotvedt/kand_ws/install/opencv_tools/lib/python3.10/site-packages/opencv_tools/aruco_marker_pose_estimation_tf.py to aruco_marker_pose_estimation_tf.cpython-310.pyc
[1.035s] running install_data
[1.035s] running install_egg_info
[1.037s] removing '/home/kimhotvedt/kand_ws/install/opencv_tools/lib/python3.10/site-packages/opencv_tools-0.0.0-py3.10.egg-info' (and everything under it)
[1.038s] Copying ../../build/opencv_tools/opencv_tools.egg-info to /home/kimhotvedt/kand_ws/install/opencv_tools/lib/python3.10/site-packages/opencv_tools-0.0.0-py3.10.egg-info
[1.039s] running install_scripts
[1.060s] Installing aruco_marker_pose_estimation_tf script to /home/kimhotvedt/kand_ws/install/opencv_tools/lib/opencv_tools
[1.060s] Installing img_publisher script to /home/kimhotvedt/kand_ws/install/opencv_tools/lib/opencv_tools
[1.060s] Installing img_subscriber script to /home/kimhotvedt/kand_ws/install/opencv_tools/lib/opencv_tools
[1.060s] Installing tf_subscriber script to /home/kimhotvedt/kand_ws/install/opencv_tools/lib/opencv_tools
[1.060s] writing list of installed files to '/home/kimhotvedt/kand_ws/build/opencv_tools/install.log'
[1.084s] Invoked command in '/home/kimhotvedt/kand_ws/src/opencv_tools' returned '0': PYTHONPATH=/home/kimhotvedt/kand_ws/build/opencv_tools/prefix_override:/home/kimhotvedt/kand_ws/install/opencv_tools/lib/python3.10/site-packages:${PYTHONPATH} /usr/bin/python3 -W ignore:setup.py install is deprecated setup.py egg_info --egg-base ../../build/opencv_tools build --build-base /home/kimhotvedt/kand_ws/build/opencv_tools/build install --record /home/kimhotvedt/kand_ws/build/opencv_tools/install.log --single-version-externally-managed install_data
