[1.158s] Invoking command in '/home/kimhotvedt/kand_ws/src/opencv_tools': PYTHONPATH=/home/kimhotvedt/kand_ws/build/opencv_tools/prefix_override:/home/kimhotvedt/kand_ws/install/opencv_tools/lib/python3.10/site-packages:${PYTHONPATH} /usr/bin/python3 -W ignore:setup.py install is deprecated setup.py egg_info --egg-base ../../build/opencv_tools build --build-base /home/kimhotvedt/kand_ws/build/opencv_tools/build install --record /home/kimhotvedt/kand_ws/build/opencv_tools/install.log --single-version-externally-managed install_data
[1.516s] running egg_info
[1.518s] writing ../../build/opencv_tools/opencv_tools.egg-info/PKG-INFO
[1.518s] writing dependency_links to ../../build/opencv_tools/opencv_tools.egg-info/dependency_links.txt
[1.519s] writing entry points to ../../build/opencv_tools/opencv_tools.egg-info/entry_points.txt
[1.519s] writing requirements to ../../build/opencv_tools/opencv_tools.egg-info/requires.txt
[1.519s] writing top-level names to ../../build/opencv_tools/opencv_tools.egg-info/top_level.txt
[1.522s] reading manifest file '../../build/opencv_tools/opencv_tools.egg-info/SOURCES.txt'
[1.523s] writing manifest file '../../build/opencv_tools/opencv_tools.egg-info/SOURCES.txt'
[1.523s] running build
[1.523s] running build_py
[1.524s] running install
[1.524s] running install_lib
[1.525s] running install_data
[1.525s] running install_egg_info
[1.527s] removing '/home/kimhotvedt/kand_ws/install/opencv_tools/lib/python3.10/site-packages/opencv_tools-0.0.0-py3.10.egg-info' (and everything under it)
[1.527s] Copying ../../build/opencv_tools/opencv_tools.egg-info to /home/kimhotvedt/kand_ws/install/opencv_tools/lib/python3.10/site-packages/opencv_tools-0.0.0-py3.10.egg-info
[1.530s] running install_scripts
[1.552s] Installing aruco_marker_pose_estimation_tf script to /home/kimhotvedt/kand_ws/install/opencv_tools/lib/opencv_tools
[1.553s] Installing img_publisher script to /home/kimhotvedt/kand_ws/install/opencv_tools/lib/opencv_tools
[1.554s] Installing img_subscriber script to /home/kimhotvedt/kand_ws/install/opencv_tools/lib/opencv_tools
[1.554s] Installing tf_subscriber script to /home/kimhotvedt/kand_ws/install/opencv_tools/lib/opencv_tools
[1.555s] writing list of installed files to '/home/kimhotvedt/kand_ws/build/opencv_tools/install.log'
[1.588s] Invoked command in '/home/kimhotvedt/kand_ws/src/opencv_tools' returned '0': PYTHONPATH=/home/kimhotvedt/kand_ws/build/opencv_tools/prefix_override:/home/kimhotvedt/kand_ws/install/opencv_tools/lib/python3.10/site-packages:${PYTHONPATH} /usr/bin/python3 -W ignore:setup.py install is deprecated setup.py egg_info --egg-base ../../build/opencv_tools build --build-base /home/kimhotvedt/kand_ws/build/opencv_tools/build install --record /home/kimhotvedt/kand_ws/build/opencv_tools/install.log --single-version-externally-managed install_data
